2025-04-23 16:37:15 [INFO] Starting Flask application.
2025-04-23 16:37:15 [INFO] Starting fan control background thread.
2025-04-23 16:37:15 [INFO] Fan control thread started.
2025-04-23 16:37:15 [ERROR] Cannot open serial port /dev/ttyUSB0: [Errno 2] could not open port /dev/ttyUSB0: [Errno 2] No such file or directory: '/dev/ttyUSB0'
2025-04-23 16:37:15 [WARNING] Initial serial connection failed. Thread will retry.
2025-04-23 16:37:15 [ERROR] Temperature file /sys/class/hwmon/hwmon0/temp1_input not found. Check path.
2025-04-23 16:37:15 [WARNING] Could not get initial temperature. Assuming fan OFF.
2025-04-23 16:37:15 [WARNING] Serial port not available. Cannot set fan state.
2025-04-23 16:37:15 [ERROR] Cannot open serial port /dev/ttyUSB0: [Errno 2] could not open port /dev/ttyUSB0: [Errno 2] No such file or directory: '/dev/ttyUSB0'
2025-04-23 16:37:15 [ERROR] Temperature file /sys/class/hwmon/hwmon0/temp1_input not found. Check path.
2025-04-23 16:37:15 [WARNING] Failed to get temperature reading. Skipping cycle.
2025-04-23 16:37:15 [INFO] [31m[1mWARNING: This is a development server. Do not use it in a production deployment. Use a production WSGI server instead.[0m
 * Running on all addresses (0.0.0.0)
 * Running on http://127.0.0.1:4812
 * Running on http://192.168.31.64:4812
2025-04-23 16:37:15 [INFO] [33mPress CTRL+C to quit[0m
2025-04-23 16:37:18 [INFO] Stopping fan control background thread.
2025-04-23 16:37:20 [INFO] Fan control thread stopping.
2025-04-23 17:03:14 [INFO] Starting Flask application.
2025-04-23 17:03:14 [INFO] Starting fan control background thread.
2025-04-23 17:03:15 [INFO] Fan control thread started.
2025-04-23 17:03:15 [ERROR] Cannot open serial port /dev/ttyUSB0: [Errno 2] could not open port /dev/ttyUSB0: [Errno 2] No such file or directory: '/dev/ttyUSB0'
2025-04-23 17:03:15 [WARNING] Initial serial connection failed. Thread will retry.
2025-04-23 17:03:15 [ERROR] Temperature file /sys/class/hwmon/hwmon0/temp1_input not found. Check path.
2025-04-23 17:03:15 [WARNING] Could not get initial temperature. Assuming fan OFF.
2025-04-23 17:03:15 [WARNING] Serial port not available. Cannot set fan state.
2025-04-23 17:03:15 [ERROR] Cannot open serial port /dev/ttyUSB0: [Errno 2] could not open port /dev/ttyUSB0: [Errno 2] No such file or directory: '/dev/ttyUSB0'
2025-04-23 17:03:15 [ERROR] Temperature file /sys/class/hwmon/hwmon0/temp1_input not found. Check path.
2025-04-23 17:03:15 [WARNING] Failed to get temperature reading. Skipping cycle.
2025-04-23 17:03:15 [INFO] [31m[1mWARNING: This is a development server. Do not use it in a production deployment. Use a production WSGI server instead.[0m
 * Running on all addresses (0.0.0.0)
 * Running on http://127.0.0.1:4812
 * Running on http://192.168.31.64:4812
2025-04-23 17:03:15 [INFO] [33mPress CTRL+C to quit[0m
2025-04-23 17:03:20 [ERROR] Temperature file /sys/class/hwmon/hwmon0/temp1_input not found. Check path.
2025-04-23 17:03:20 [WARNING] Failed to get temperature reading. Skipping cycle.
2025-04-23 17:03:25 [ERROR] Temperature file /sys/class/hwmon/hwmon0/temp1_input not found. Check path.
2025-04-23 17:03:25 [WARNING] Failed to get temperature reading. Skipping cycle.
2025-04-23 17:03:30 [ERROR] Temperature file /sys/class/hwmon/hwmon0/temp1_input not found. Check path.
2025-04-23 17:03:30 [WARNING] Failed to get temperature reading. Skipping cycle.
2025-04-23 17:03:35 [ERROR] Temperature file /sys/class/hwmon/hwmon0/temp1_input not found. Check path.
2025-04-23 17:03:35 [WARNING] Failed to get temperature reading. Skipping cycle.
2025-04-23 17:03:40 [ERROR] Temperature file /sys/class/hwmon/hwmon0/temp1_input not found. Check path.
2025-04-23 17:03:40 [WARNING] Failed to get temperature reading. Skipping cycle.
2025-04-23 17:03:45 [ERROR] Temperature file /sys/class/hwmon/hwmon0/temp1_input not found. Check path.
2025-04-23 17:03:45 [WARNING] Failed to get temperature reading. Skipping cycle.
2025-04-23 17:03:50 [ERROR] Temperature file /sys/class/hwmon/hwmon0/temp1_input not found. Check path.
2025-04-23 17:03:50 [WARNING] Failed to get temperature reading. Skipping cycle.
2025-04-23 17:03:55 [ERROR] Temperature file /sys/class/hwmon/hwmon0/temp1_input not found. Check path.
2025-04-23 17:03:55 [WARNING] Failed to get temperature reading. Skipping cycle.
2025-04-23 17:03:57 [INFO] Stopping fan control background thread.
2025-04-23 17:04:00 [INFO] Fan control thread stopping.
2025-04-23 18:23:48 [INFO] --- Application Starting ---
2025-04-23 18:23:48 [INFO] Attempting to load settings from /config/settings.json
2025-04-23 18:23:48 [WARNING] Config file not found. Using default settings.
2025-04-23 18:23:48 [INFO] Attempting to save settings to /config/settings.json
2025-04-23 18:23:48 [ERROR] Failed to save settings to /config/settings.json: [Errno 30] Read-only file system: '/config'
2025-04-23 18:23:48 [INFO] Starting fan control background thread.
2025-04-23 18:23:48 [INFO] Fan control thread started.
2025-04-23 18:23:48 [INFO] Starting Flask server on 0.0.0.0:4812
2025-04-23 18:23:48 [INFO] Attempting to open serial port /dev/ttyUSB0 at 9600 baud.
2025-04-23 18:23:48 [ERROR] Cannot open serial port /dev/ttyUSB0: [Errno 2] could not open port /dev/ttyUSB0: [Errno 2] No such file or directory: '/dev/ttyUSB0'
2025-04-23 18:23:48 [WARNING] Initial serial connection failed. Thread will retry.
2025-04-23 18:23:48 [ERROR] Temperature file /sys/class/hwmon/hwmon0/temp1_input not found. Check path in settings.
2025-04-23 18:23:48 [WARNING] Could not get initial temperature. Assuming fan OFF.
2025-04-23 18:23:48 [WARNING] Serial port not available trying to turn fan OFF. Attempting reconnect.
2025-04-23 18:23:48 [INFO] Attempting to open serial port /dev/ttyUSB0 at 9600 baud.
2025-04-23 18:23:48 [ERROR] Cannot open serial port /dev/ttyUSB0: [Errno 2] could not open port /dev/ttyUSB0: [Errno 2] No such file or directory: '/dev/ttyUSB0'
2025-04-23 18:23:48 [ERROR] Temperature file /sys/class/hwmon/hwmon0/temp1_input not found. Check path in settings.
2025-04-23 18:23:48 [WARNING] Failed to get temperature reading. Skipping cycle.
2025-04-23 18:23:48 [INFO] [31m[1mWARNING: This is a development server. Do not use it in a production deployment. Use a production WSGI server instead.[0m
 * Running on all addresses (0.0.0.0)
 * Running on http://127.0.0.1:4812
 * Running on http://192.168.31.64:4812
2025-04-23 18:23:48 [INFO] [33mPress CTRL+C to quit[0m
2025-04-23 18:23:53 [ERROR] Temperature file /sys/class/hwmon/hwmon0/temp1_input not found. Check path in settings.
2025-04-23 18:23:53 [WARNING] Failed to get temperature reading. Skipping cycle.
2025-04-23 18:23:58 [ERROR] Temperature file /sys/class/hwmon/hwmon0/temp1_input not found. Check path in settings.
2025-04-23 18:23:58 [WARNING] Failed to get temperature reading. Skipping cycle.
2025-04-23 18:24:02 [INFO] --- Application Stopping ---
2025-04-23 18:24:02 [INFO] Stopping fan control background thread.
2025-04-23 18:24:02 [INFO] Fan control thread stopping.
